 * Serving Flask app 'app' (lazy loading)
 * Environment: development
 * Debug mode: on
 * Running on all addresses.
   WARNING: This is a development server. Do not use it in a production deployment.
 * Running on http://192.168.4.166:5000/ (Press CTRL+C to quit)
 * Restarting with stat
 * Debugger is active!
 * Debugger PIN: 132-813-187
127.0.0.1 - - [14/Jul/2025 16:49:58] "[35m[1mPOST /api/recipes HTTP/1.1[0m" 500 -
127.0.0.1 - - [14/Jul/2025 16:54:00] "[35m[1mPOST /api/recipes HTTP/1.1[0m" 500 -
127.0.0.1 - - [14/Jul/2025 17:04:10] "[35m[1mPOST /api/recipes HTTP/1.1[0m" 500 -
127.0.0.1 - - [14/Jul/2025 17:06:21] "[35m[1mPOST /api/recipes HTTP/1.1[0m" 500 -
 * Detected change in '/Volumes/workplace/recipe_generator_api/app/services/gemini_service.py', reloading
 * Restarting with stat
Traceback (most recent call last):
  File "/Volumes/workplace/recipe_generator_api/run.py", line 8, in <module>
    app = create_app()
          ^^^^^^^^^^^^
  File "/Volumes/workplace/recipe_generator_api/app/__init__.py", line 9, in create_app
    from app.routes import api_bp
  File "/Volumes/workplace/recipe_generator_api/app/routes.py", line 2, in <module>
    from app.services.gemini_service import generate_recipes
  File "/Volumes/workplace/recipe_generator_api/app/services/gemini_service.py", line 9, in <module>
    client = genai.Client()
             ^^^^^^^^^^^^
AttributeError: module 'google' has no attribute 'Client'
